0 info it worked if it ends with ok
1 verbose cli [ 'C:\\Program Files\\nodejs\\node.exe',
1 verbose cli   'C:\\Program Files\\nodejs\\node_modules\\npm\\bin\\npm-cli.js',
1 verbose cli   'publish' ]
2 info using npm@3.10.10
3 info using node@v6.9.4
4 verbose publish [ '.' ]
5 silly cache add args [ '.', null ]
6 verbose cache add spec .
7 silly cache add parsed spec Result {
7 silly cache add   raw: '.',
7 silly cache add   scope: null,
7 silly cache add   escapedName: null,
7 silly cache add   name: null,
7 silly cache add   rawSpec: '.',
7 silly cache add   spec: 'F:\\作品集\\luke-cli',
7 silly cache add   type: 'directory' }
8 verbose addLocalDirectory C:\Users\luke93\AppData\Roaming\npm-cache\luke-cli\0.0.1\package.tgz not in flight; packing
9 verbose correctMkdir C:\Users\luke93\AppData\Roaming\npm-cache correctMkdir not in flight; initializing
10 info lifecycle luke-cli@0.0.1~prepublish: luke-cli@0.0.1
11 silly lifecycle luke-cli@0.0.1~prepublish: no script for prepublish, continuing
12 verbose tar pack [ 'C:\\Users\\luke93\\AppData\\Roaming\\npm-cache\\luke-cli\\0.0.1\\package.tgz',
12 verbose tar pack   'F:\\作品集\\luke-cli' ]
13 verbose tarball C:\Users\luke93\AppData\Roaming\npm-cache\luke-cli\0.0.1\package.tgz
14 verbose folder F:\作品集\luke-cli
15 verbose addLocalTarball adding from inside cache C:\Users\luke93\AppData\Roaming\npm-cache\luke-cli\0.0.1\package.tgz
16 verbose correctMkdir C:\Users\luke93\AppData\Roaming\npm-cache correctMkdir not in flight; initializing
17 silly cache afterAdd luke-cli@0.0.1
18 verbose afterAdd C:\Users\luke93\AppData\Roaming\npm-cache\luke-cli\0.0.1\package\package.json not in flight; writing
19 verbose correctMkdir C:\Users\luke93\AppData\Roaming\npm-cache correctMkdir not in flight; initializing
20 verbose afterAdd C:\Users\luke93\AppData\Roaming\npm-cache\luke-cli\0.0.1\package\package.json written
21 silly publish { name: 'luke-cli',
21 silly publish   version: '0.0.1',
21 silly publish   description: 'Personal Cli',
21 silly publish   license: 'MIT',
21 silly publish   bin: { luke: './bin/luke' },
21 silly publish   scripts: { build: 'rm -rf lib && babel src --out-dir lib' },
21 silly publish   dependencies:
21 silly publish    { chalk: '^1.1.3',
21 silly publish      commander: '^2.9.0',
21 silly publish      'empty-dir': '^0.2.1',
21 silly publish      'fs-extra': '^0.30.0',
21 silly publish      'left-pad': '^1.1.3',
21 silly publish      'path-exists': '^3.0.0',
21 silly publish      'simple-uppercamelcase': '^1.0.0',
21 silly publish      through2: '^2.0.1',
21 silly publish      'update-notifier': '^2.3.0',
21 silly publish      'vinyl-fs': '^2.4.3',
21 silly publish      which: '^1.2.10',
21 silly publish      'win-spawn': '^2.0.0' },
21 silly publish   devDependencies:
21 silly publish    { 'babel-cli': '^6.10.1',
21 silly publish      'babel-plugin-add-module-exports': '^0.2.1',
21 silly publish      'babel-plugin-transform-runtime': '^6.9.0',
21 silly publish      'babel-preset-es2015': '^6.9.0',
21 silly publish      'babel-preset-react': '^6.5.0',
21 silly publish      'babel-preset-stage-0': '~6.5.0',
21 silly publish      'babel-runtime': '^6.9.2' },
21 silly publish   babel:
21 silly publish    { presets: [ 'es2015', 'react', 'stage-0' ],
21 silly publish      plugins: [ 'add-module-exports', 'transform-runtime' ] },
21 silly publish   repository:
21 silly publish    { type: 'git',
21 silly publish      url: 'git+https://github.com/luke93h/luke-cli.git' },
21 silly publish   author: { name: 'luke' },
21 silly publish   bugs: { url: 'https://github.com/luke93h/luke-cli/issues' },
21 silly publish   files: [ 'src', 'templates', 'bin' ],
21 silly publish   readme: '# luke-cli\r\n个人用脚手架,用于快速生成各种模板  \r\n用于快速生成项目模板,本项目基于dva-cli开发，感谢chencheng开源dva-cli。',
21 silly publish   readmeFilename: 'README.md',
21 silly publish   gitHead: 'c15261ef201cad193dff26d29835fa076d804d4f',
21 silly publish   homepage: 'https://github.com/luke93h/luke-cli#readme',
21 silly publish   _id: 'luke-cli@0.0.1',
21 silly publish   _shasum: '1b01bafd8430a1692c5736645b1b345b5a457187',
21 silly publish   _from: '.' }
22 verbose getPublishConfig undefined
23 silly mapToRegistry name luke-cli
24 silly mapToRegistry using default registry
25 silly mapToRegistry registry https://registry.npm.taobao.org/
26 silly mapToRegistry data Result {
26 silly mapToRegistry   raw: 'luke-cli',
26 silly mapToRegistry   scope: null,
26 silly mapToRegistry   escapedName: 'luke-cli',
26 silly mapToRegistry   name: 'luke-cli',
26 silly mapToRegistry   rawSpec: '',
26 silly mapToRegistry   spec: 'latest',
26 silly mapToRegistry   type: 'tag' }
27 silly mapToRegistry uri https://registry.npm.taobao.org/luke-cli
28 verbose publish registryBase https://registry.npm.taobao.org/
29 silly publish uploading C:\Users\luke93\AppData\Roaming\npm-cache\luke-cli\0.0.1\package.tgz
30 verbose request uri https://registry.npm.taobao.org/luke-cli
31 verbose request sending authorization for write operation
32 info attempt registry request try #1 at 20:09:47
33 verbose request id ae67772b47591549
34 http request PUT https://registry.npm.taobao.org/luke-cli
35 http 403 https://registry.npm.taobao.org/luke-cli
36 verbose headers { date: 'Tue, 20 Feb 2018 12:09:48 GMT',
36 verbose headers   'content-type': 'application/json; charset=utf-8',
36 verbose headers   'content-length': '87',
36 verbose headers   connection: 'keep-alive',
36 verbose headers   'x-current-requests': '1',
36 verbose headers   'x-readtime': '5' }
37 verbose request invalidating C:\Users\luke93\AppData\Roaming\npm-cache\registry.npm.taobao.org\luke-cli on PUT
38 error publish Failed PUT 403
39 verbose stack Error: no_perms Private mode enable, only admin can publish this module: luke-cli
39 verbose stack     at makeError (C:\Program Files\nodejs\node_modules\npm\node_modules\npm-registry-client\lib\request.js:302:12)
39 verbose stack     at CachingRegistryClient.<anonymous> (C:\Program Files\nodejs\node_modules\npm\node_modules\npm-registry-client\lib\request.js:290:14)
39 verbose stack     at Request._callback (C:\Program Files\nodejs\node_modules\npm\node_modules\npm-registry-client\lib\request.js:210:14)
39 verbose stack     at Request.self.callback (C:\Program Files\nodejs\node_modules\npm\node_modules\request\request.js:187:22)
39 verbose stack     at emitTwo (events.js:106:13)
39 verbose stack     at Request.emit (events.js:191:7)
39 verbose stack     at Request.<anonymous> (C:\Program Files\nodejs\node_modules\npm\node_modules\request\request.js:1048:10)
39 verbose stack     at emitOne (events.js:96:13)
39 verbose stack     at Request.emit (events.js:188:7)
39 verbose stack     at IncomingMessage.<anonymous> (C:\Program Files\nodejs\node_modules\npm\node_modules\request\request.js:969:12)
40 verbose statusCode 403
41 verbose pkgid luke-cli
42 verbose cwd F:\作品集\luke-cli
43 error Windows_NT 10.0.16299
44 error argv "C:\\Program Files\\nodejs\\node.exe" "C:\\Program Files\\nodejs\\node_modules\\npm\\bin\\npm-cli.js" "publish"
45 error node v6.9.4
46 error npm  v3.10.10
47 error code E403
48 error no_perms Private mode enable, only admin can publish this module: luke-cli
49 error If you need help, you may report this error at:
49 error     <https://github.com/npm/npm/issues>
50 verbose exit [ 1, true ]
